<?xml version="1.0"?>
<project name="test-common">


  <typedef 
    resource="org/smartfrog/tools/ant/tasks.properties"
    />

  <typedef resource="org/smartfrog/tools/ant/types.properties"
    />

    <!-- this imports the XML file -->
  <taskdef 
    uri="http://smartfrog.org/"
    resource="org/smartfrog/tools/ant/tasks.xml"
    xmlns:sf="http://smartfrog.org/"
    />
    
   <property name="resource.sf" 
    value="org/smartfrog/examples/functions/function.sf" />

   <property name="terminator.sf" 
    value="org/smartfrog/examples/workflow/terminateDaemonExample.sf" />
    
   <property name="short.delay"   value="1000" />
   <property name="timeout"   value="10000" />
   <property name="long.timeout"   value="20000" />
   <property name="medium.timeout"   value="10000" />
  
   <presetdef name="sf-block">
     <waitfor maxwait="10" maxwaitunit="second"
        checkevery="1" checkeveryunit="second"
        timeoutproperty="block.timeout">
          <socket server="localhost" port="3800"/>
      </waitfor>
   </presetdef>

</project>  
