<?xml version="1.0"?>
<project name="test-common" default="teardown">

  <property name="smartfrog.daemon.port" value="3800"/>

  <typedef
      resource="org/smartfrog/tools/ant/tasks.properties"
      />

  <typedef resource="org/smartfrog/tools/ant/types.properties"
      />

  <!-- this imports the XML file -->
  <taskdef
      uri="http://smartfrog.org/"
      resource="org/smartfrog/tools/ant/antlib.xml"
      xmlns:sf="http://smartfrog.org/"
      />

  <property name="resource.sf"
      value="/org/smartfrog/examples/functions/function.sf"/>

  <property name="terminator.sf"
      value="/org/smartfrog/examples/workflow/terminateDaemonExample.sf"/>

  <dirname property="testfile.dir" file="${ant.file.test-common}"/>
  <property name="valid.sf" location="${testfile.dir}/valid.sf" />

  <property name="short.delay" value="1000"/>
  <property name="timeout.seconds" value="100"/>
  <property name="timeout" value="${timeout.seconds}000"/>
  <property name="long.timeout.seconds" value="20"/>
  <property name="long.timeout" value="${long.timeout.seconds}000"/>
  <property name="medium.timeout.seconds" value="10000"/>
  <property name="medium.timeout" value="${medium.timeout.seconds}000"/>
  <property name="short.timeout.seconds" value="10"/>
  <property name="short.timeout" value="${short.timeout.seconds}000"/>
  <property name="new.port" value="3805"/>
  <property name="shutdown.time.seconds" value="5"/>

  <presetdef name="sf-waitfor">
    <waitfor maxwait="10" maxwaitunit="second"
        checkevery="1" checkeveryunit="second"
        timeoutproperty="block.timeout">
    </waitfor>
  </presetdef>

  <presetdef name="sf-block">
    <sf-waitfor>
      <socket server="localhost" port="${smartfrog.daemon.port}"/>
    </sf-waitfor>
  </presetdef>

  <presetdef name="sf-block2">
    <sf-waitfor>
      <socket server="localhost" port="${new.port}"/>
    </sf-waitfor>
  </presetdef>

  <presetdef name="sf-system-test">
    <sf-functionaltest
        testTimeout="${short.timeout.seconds}"
        shutdownTime="${shutdown.time.seconds}">
      <application>
        <sf-startdaemon >
        </sf-startdaemon>
      </application>
      <probe message="Timeout waiting for app server on ${smartfrog.daemon.port}">
        <socket port="${smartfrog.daemon.port}" server="localhost"/>
      </probe>
      <teardown>
        <sf-stopdaemon/>
      </teardown>
    </sf-functionaltest>
  </presetdef>

  <presetdef name="sf-system-test2">
    <sf-functionaltest
        testTimeout="${medium.timeout.seconds}"
        shutdownTime="${shutdown.time.seconds}">
      <application>
        <sf-startdaemon port="${new.port}">
        </sf-startdaemon>
      </application>
      <probe maxwait="${medium.timeout.seconds}"
          message="Timeout waiting for app server on ${new.port}"
          after="${medium.timeout.seconds}" >
        <socket port="${new.port}" server="localhost"/>
      </probe>
      <teardown>
        <sf-stopdaemon port="${new.port}" />
      </teardown>
    </sf-functionaltest>
  </presetdef>





  <target name="teardown"/>

</project>  
