<?xml version="1.0"?>
<project name="test-common" default="teardown">

  <property name="smartfrog.daemon.port" value="3800"/>

  <typedef
      resource="org/smartfrog/tools/ant/tasks.properties"
      />

  <typedef resource="org/smartfrog/tools/ant/types.properties"
      />

  <!-- this imports the XML file -->
  <taskdef
      uri="http://smartfrog.org/"
      resource="org/smartfrog/tools/ant/antlib.xml"
      xmlns:sf="http://smartfrog.org/"
      />

  <property name="resource.sf"
      value="org/smartfrog/examples/functions/function.sf"/>

  <property name="terminator.sf"
      value="org/smartfrog/examples/workflow/terminateDaemonExample.sf"/>

  <property name="short.delay" value="1000"/>
  <property name="timeout" value="10000"/>
  <property name="long.timeout" value="20000"/>
  <property name="medium.timeout" value="10000"/>
  <property name="short.timeout" value="5000"/>
  <property name="new.port" value="3805"/>

  <presetdef name="sf-waitfor">
    <waitfor maxwait="10" maxwaitunit="second"
        checkevery="1" checkeveryunit="second"
        timeoutproperty="block.timeout">
    </waitfor>
  </presetdef>

  <presetdef name="sf-block">
    <sf-waitfor>
      <socket server="localhost" port="${smartfrog.daemon.port}"/>
    </sf-waitfor>
  </presetdef>

  <presetdef name="sf-block2">
    <sf-waitfor>
      <socket server="localhost" port="${new.port}"/>
    </sf-waitfor>
  </presetdef>

  <target name="teardown"/>

</project>  
